  Cube.cpp
  GLUTCallbacks.cpp
  MeshLoader.cpp
  Pyramid.cpp
  SceneObject.cpp
  Source.cpp
E:\Users\Owner\Documents\GitHub\GLProjects\GLProjects\Source.cpp(12,12): warning C4244: 'argument': conversion from 'time_t' to 'unsigned int', possible loss of data
E:\Users\Owner\Documents\GitHub\GLProjects\GLProjects\Source.cpp(24,18): warning C4154: deletion of an array expression; conversion to pointer supplied
  Texture2D.cpp
  Generating Code...
GLUTCallbacks.obj : error LNK2019: unresolved external symbol __imp_glutTimerFunc referenced in function "void __cdecl GLUTCallbacks::Timer(int)" (?Timer@GLUTCallbacks@@YAXH@Z)
Source.obj : error LNK2001: unresolved external symbol __imp_glutTimerFunc
GLUTCallbacks.obj : error LNK2019: unresolved external symbol __imp_glutGet referenced in function "void __cdecl GLUTCallbacks::Timer(int)" (?Timer@GLUTCallbacks@@YAXH@Z)
Source.obj : error LNK2019: unresolved external symbol __imp_glutInitWindowSize referenced in function "public: void __cdecl Source::InitGL(int,char * * const)" (?InitGL@Source@@QEAAXHQEAPEAD@Z)
Source.obj : error LNK2019: unresolved external symbol __imp_glutInitDisplayMode referenced in function "public: void __cdecl Source::InitGL(int,char * * const)" (?InitGL@Source@@QEAAXHQEAPEAD@Z)
Source.obj : error LNK2019: unresolved external symbol __imp_glutMainLoop referenced in function "public: __cdecl Source::Source(int,char * * const)" (??0Source@@QEAA@HQEAPEAD@Z)
Source.obj : error LNK2019: unresolved external symbol __imp_glutPostRedisplay referenced in function "public: void __cdecl Source::Update(void)" (?Update@Source@@QEAAXXZ)
Source.obj : error LNK2019: unresolved external symbol __imp_glutSwapBuffers referenced in function "public: void __cdecl Source::Display(void)" (?Display@Source@@QEAAXXZ)
Source.obj : error LNK2019: unresolved external symbol __imp_glutKeyboardFunc referenced in function "public: void __cdecl Source::InitGL(int,char * * const)" (?InitGL@Source@@QEAAXHQEAPEAD@Z)
Source.obj : error LNK2019: unresolved external symbol __imp_glutDisplayFunc referenced in function "public: void __cdecl Source::InitGL(int,char * * const)" (?InitGL@Source@@QEAAXHQEAPEAD@Z)
Source.obj : error LNK2019: unresolved external symbol __imp___glutInitWithExit referenced in function glutInit_ATEXIT_HACK
Source.obj : error LNK2019: unresolved external symbol __imp___glutCreateWindowWithExit referenced in function glutCreateWindow_ATEXIT_HACK
freeglut.lib : warning LNK4272: library machine type 'x86' conflicts with target machine type 'x64'
E:\Users\Owner\Documents\GitHub\GLProjects\x64\Debug\GLProjects.exe : fatal error LNK1120: 11 unresolved externals
