  Source.cpp
E:\Users\Owner\Documents\GitHub\GLProjects\GLProjects\Source.cpp(14,12): warning C4244: 'argument': conversion from 'time_t' to 'unsigned int', possible loss of data
E:\Users\Owner\Documents\GitHub\GLProjects\GLProjects\Source.cpp(29,18): warning C4154: deletion of an array expression; conversion to pointer supplied
E:\Users\Owner\Documents\GitHub\GLProjects\GLProjects\Source.cpp(33,23): warning C4154: deletion of an array expression; conversion to pointer supplied
E:\Users\Owner\Documents\GitHub\GLProjects\GLProjects\Source.cpp(61,37): warning C4244: 'argument': conversion from 'int' to 'GLfloat', possible loss of data
E:\Users\Owner\Documents\GitHub\GLProjects\GLProjects\Source.cpp(64,53): warning C4244: 'argument': conversion from 'int' to 'GLfloat', possible loss of data
E:\Users\Owner\Documents\GitHub\GLProjects\GLProjects\Source.cpp(67,53): warning C4244: 'argument': conversion from 'int' to 'GLfloat', possible loss of data
E:\Users\Owner\Documents\GitHub\GLProjects\GLProjects\Source.cpp(83,110): warning C4244: 'argument': conversion from 'int' to 'GLfloat', possible loss of data
E:\Users\Owner\Documents\GitHub\GLProjects\GLProjects\Source.cpp(130,29): warning C4305: '=': truncation from 'double' to 'float'
E:\Users\Owner\Documents\GitHub\GLProjects\GLProjects\Source.cpp(131,29): warning C4305: '=': truncation from 'double' to 'float'
E:\Users\Owner\Documents\GitHub\GLProjects\GLProjects\Source.cpp(132,29): warning C4305: '=': truncation from 'double' to 'float'
E:\Users\Owner\Documents\GitHub\GLProjects\GLProjects\Source.cpp(134,30): warning C4305: '=': truncation from 'double' to 'float'
E:\Users\Owner\Documents\GitHub\GLProjects\GLProjects\Source.cpp(135,30): warning C4305: '=': truncation from 'double' to 'float'
E:\Users\Owner\Documents\GitHub\GLProjects\GLProjects\Source.cpp(136,30): warning C4305: '=': truncation from 'double' to 'float'
E:\Users\Owner\Documents\GitHub\GLProjects\GLProjects\Source.cpp(151,44): warning C4244: '=': conversion from 'double' to 'float', possible loss of data
E:\Users\Owner\Documents\GitHub\GLProjects\GLProjects\Source.cpp(152,134): warning C4244: '=': conversion from 'double' to 'float', possible loss of data
E:\Users\Owner\Documents\GitHub\GLProjects\GLProjects\Source.cpp(153,44): warning C4244: '=': conversion from 'double' to 'float', possible loss of data
E:\Users\Owner\Documents\GitHub\GLProjects\GLProjects\Source.cpp(320,37): warning C4244: 'argument': conversion from 'float' to 'GLint', possible loss of data
E:\Users\Owner\Documents\GitHub\GLProjects\GLProjects\Source.cpp(320,24): warning C4244: 'argument': conversion from 'float' to 'GLint', possible loss of data
  GLProjects.vcxproj -> E:\Users\Owner\Documents\GitHub\GLProjects\Debug\GLProjects.exe
